OPTIONS /projects status 204, 2.020 ms Wed, 24 Jan 2024 12:23:17 GMT
GET /projects status 304, 371.491 ms Wed, 24 Jan 2024 12:23:17 GMT
GET /uploads/imgSrc-1705742289694.png status 304, 2.349 ms Wed, 24 Jan 2024 12:23:17 GMT
GET /projects status 304, 356.733 ms Wed, 24 Jan 2024 12:23:19 GMT
GET /uploads/imgSrc-1704286623751.png status 304, 1.741 ms Wed, 24 Jan 2024 12:23:19 GMT
GET /uploads/imgSrc-1702560787664.png status 304, 2.841 ms Wed, 24 Jan 2024 12:23:19 GMT
GET /uploads/imgSrc-1702476268513.png status 304, 1.873 ms Wed, 24 Jan 2024 12:23:19 GMT
GET /uploads/imgSrc-1702562866026.png status 304, 1.770 ms Wed, 24 Jan 2024 12:23:19 GMT
GET /uploads/imgSrc-1702545373852.png status 304, 1.842 ms Wed, 24 Jan 2024 12:23:19 GMT
GET /uploads/imgSrc-1702559809842.png status 304, 0.975 ms Wed, 24 Jan 2024 12:23:19 GMT
GET /uploads/imgSrc-1702562915309.png status 304, 2.024 ms Wed, 24 Jan 2024 12:23:19 GMT
GET /uploads/imgSrc-1702562941528.png status 304, 2.133 ms Wed, 24 Jan 2024 12:23:19 GMT
GET /uploads/imgSrc-1702545417127.png status 304, 1.872 ms Wed, 24 Jan 2024 12:23:19 GMT
GET /uploads/imgSrc-1702478567166.png status 304, 2.262 ms Wed, 24 Jan 2024 12:23:19 GMT
GET /uploads/imgSrc-1702479321507.png status 304, 3.340 ms Wed, 24 Jan 2024 12:23:19 GMT
GET /uploads/imgSrc-1702546723860.png status 304, 1.640 ms Wed, 24 Jan 2024 12:23:19 GMT
OPTIONS /projects status 204, 0.203 ms Wed, 24 Jan 2024 12:24:21 GMT
GET /projects status 304, 361.235 ms Wed, 24 Jan 2024 12:24:22 GMT
GET /uploads/imgSrc-1702476581922.png status 304, 1.821 ms Wed, 24 Jan 2024 12:24:22 GMT
GET /uploads/imgSrc-1705742289694.png status 304, 2.305 ms Wed, 24 Jan 2024 12:24:22 GMT
GET /uploads/imgSrc-1705745668533.png status 304, 1.738 ms Wed, 24 Jan 2024 12:24:22 GMT
GET /projects/expand/655f9896aa3af29e65f3454f status 304, 121.068 ms Wed, 24 Jan 2024 12:24:34 GMT
GET /uploads/imgSrc-1704286623751.png status 304, 2.319 ms Wed, 24 Jan 2024 12:26:41 GMT
GET /uploads/imgSrc-1702549089679.png status 304, 2.374 ms Wed, 24 Jan 2024 12:26:41 GMT
GET /uploads/imgSrc-1703080343068.png status 304, 1.997 ms Wed, 24 Jan 2024 12:26:41 GMT
GET /uploads/imgSrc-1702476443687.png status 304, 1.427 ms Wed, 24 Jan 2024 12:26:41 GMT
GET /uploads/imgSrc-1702476505454.png status 304, 1.381 ms Wed, 24 Jan 2024 12:26:41 GMT
GET /uploads/imgSrc-1702476572400.png status 304, 0.702 ms Wed, 24 Jan 2024 12:26:41 GMT
GET /uploads/imgSrc-1705692592069.png status 304, 3.029 ms Wed, 24 Jan 2024 12:26:41 GMT
GET /uploads/imgSrc-1705745668533.png status 304, 2.338 ms Wed, 24 Jan 2024 12:26:41 GMT
GET /projects status 304, 356.867 ms Wed, 24 Jan 2024 12:26:41 GMT
OPTIONS /projects status 204, 0.107 ms Wed, 24 Jan 2024 12:26:42 GMT
GET /projects status 304, 357.313 ms Wed, 24 Jan 2024 12:26:42 GMT
GET /uploads/imgSrc-1705742289694.png status 304, 0.449 ms Wed, 24 Jan 2024 12:26:42 GMT
GET /projects status 304, 350.590 ms Wed, 24 Jan 2024 12:26:43 GMT
GET /uploads/imgSrc-1702560787664.png status 304, 1.438 ms Wed, 24 Jan 2024 12:26:43 GMT
GET /uploads/imgSrc-1702549351909.png status 304, 1.410 ms Wed, 24 Jan 2024 12:26:43 GMT
GET /uploads/imgSrc-1702476485931.png status 304, 0.517 ms Wed, 24 Jan 2024 12:26:43 GMT
GET /uploads/imgSrc-1702476515231.png status 304, 1.321 ms Wed, 24 Jan 2024 12:26:43 GMT
GET /uploads/imgSrc-1702476268513.png status 304, 0.664 ms Wed, 24 Jan 2024 12:26:43 GMT
GET /uploads/imgSrc-1702562866026.png status 304, 0.706 ms Wed, 24 Jan 2024 12:26:43 GMT
GET /uploads/imgSrc-1702545373852.png status 304, 0.751 ms Wed, 24 Jan 2024 12:26:43 GMT
GET /uploads/imgSrc-1702559809842.png status 304, 0.731 ms Wed, 24 Jan 2024 12:26:43 GMT
GET /uploads/imgSrc-1702562915309.png status 304, 0.714 ms Wed, 24 Jan 2024 12:26:43 GMT
GET /uploads/imgSrc-1702562941528.png status 304, 0.752 ms Wed, 24 Jan 2024 12:26:43 GMT
GET /uploads/imgSrc-1702545417127.png status 304, 0.844 ms Wed, 24 Jan 2024 12:26:43 GMT
GET /uploads/imgSrc-1702478567166.png status 304, 0.774 ms Wed, 24 Jan 2024 12:26:43 GMT
GET /uploads/imgSrc-1702479321507.png status 304, 1.998 ms Wed, 24 Jan 2024 12:26:43 GMT
GET /uploads/imgSrc-1702480745407.png status 304, 1.952 ms Wed, 24 Jan 2024 12:26:43 GMT
GET /uploads/imgSrc-1702549505927.png status 304, 0.688 ms Wed, 24 Jan 2024 12:26:43 GMT
GET /uploads/imgSrc-1702563966257.png status 304, 1.749 ms Wed, 24 Jan 2024 12:26:43 GMT
GET /uploads/imgSrc-1702549455003.png status 304, 1.858 ms Wed, 24 Jan 2024 12:26:43 GMT
GET /uploads/imgSrc-1702549981591.png status 304, 3.957 ms Wed, 24 Jan 2024 12:26:43 GMT
GET /uploads/imgSrc-1702546723860.png status 304, 1.891 ms Wed, 24 Jan 2024 12:26:43 GMT
GET /uploads/imgSrc-1702817479105.png status 304, 0.410 ms Wed, 24 Jan 2024 12:26:43 GMT
GET /uploads/imgSrc-1702548661329.png status 304, 0.782 ms Wed, 24 Jan 2024 12:26:43 GMT
GET /uploads/imgSrc-1702549529432.png status 304, 0.791 ms Wed, 24 Jan 2024 12:26:43 GMT
GET /uploads/imgSrc-1702563938542.png status 304, 1.005 ms Wed, 24 Jan 2024 12:26:43 GMT
GET /uploads/imgSrc-1702550468332.png status 304, 1.562 ms Wed, 24 Jan 2024 12:26:43 GMT
GET /uploads/imgSrc-1702551360267.png status 304, 1.515 ms Wed, 24 Jan 2024 12:26:43 GMT
GET /uploads/imgSrc-1703080366646.png status 304, 1.385 ms Wed, 24 Jan 2024 12:26:43 GMT
GET /uploads/imgSrc-1703063237417.png status 304, 0.657 ms Wed, 24 Jan 2024 12:26:43 GMT
GET /uploads/imgSrc-1703065348487.png status 304, 1.007 ms Wed, 24 Jan 2024 12:26:43 GMT
GET /uploads/imgSrc-1703063272533.png status 304, 0.884 ms Wed, 24 Jan 2024 12:26:43 GMT
GET /uploads/imgSrc-1703063750754.png status 304, 0.746 ms Wed, 24 Jan 2024 12:26:43 GMT
GET /uploads/imgSrc-1703065902213.png status 304, 0.574 ms Wed, 24 Jan 2024 12:26:43 GMT
GET /uploads/imgSrc-1703064108203.png status 304, 2.353 ms Wed, 24 Jan 2024 12:26:43 GMT
GET /uploads/imgSrc-1703064608088.png status 304, 1.916 ms Wed, 24 Jan 2024 12:26:43 GMT
GET /uploads/imgSrc-1703064853554.png status 304, 2.888 ms Wed, 24 Jan 2024 12:26:43 GMT
GET /uploads/imgSrc-1703066732156.png status 304, 0.507 ms Wed, 24 Jan 2024 12:26:43 GMT
GET /uploads/imgSrc-1703065071445.png status 304, 0.624 ms Wed, 24 Jan 2024 12:26:43 GMT
GET /uploads/imgSrc-1705687399048.png status 304, 2.024 ms Wed, 24 Jan 2024 12:26:43 GMT
GET /uploads/imgSrc-1705688410439.png status 304, 2.286 ms Wed, 24 Jan 2024 12:26:43 GMT
GET /uploads/imgSrc-1705688592832.png status 304, 2.319 ms Wed, 24 Jan 2024 12:26:43 GMT
GET /uploads/imgSrc-1705688842101.png status 304, 0.607 ms Wed, 24 Jan 2024 12:26:43 GMT
GET /uploads/imgSrc-1705689012792.png status 304, 0.678 ms Wed, 24 Jan 2024 12:26:43 GMT
GET /uploads/imgSrc-1705689400476.png status 304, 0.674 ms Wed, 24 Jan 2024 12:26:43 GMT
GET /uploads/imgSrc-1705689552066.png status 304, 1.292 ms Wed, 24 Jan 2024 12:26:43 GMT
GET /uploads/imgSrc-1705689895406.png status 304, 2.007 ms Wed, 24 Jan 2024 12:26:43 GMT
GET /uploads/imgSrc-1705690399571.png status 304, 0.453 ms Wed, 24 Jan 2024 12:26:43 GMT
GET /uploads/imgSrc-1705690631487.png status 304, 1.229 ms Wed, 24 Jan 2024 12:26:43 GMT
GET /uploads/imgSrc-1705690788484.png status 304, 1.182 ms Wed, 24 Jan 2024 12:26:43 GMT
GET /uploads/imgSrc-1705691749583.png status 304, 1.175 ms Wed, 24 Jan 2024 12:26:43 GMT
GET /uploads/imgSrc-1705692332562.png status 304, 1.174 ms Wed, 24 Jan 2024 12:26:43 GMT
GET /uploads/imgSrc-1705693799680.png status 304, 0.960 ms Wed, 24 Jan 2024 12:26:43 GMT
GET /uploads/imgSrc-1705693067676.png status 304, 0.791 ms Wed, 24 Jan 2024 12:26:43 GMT
GET /uploads/imgSrc-1705693338749.png status 304, 1.106 ms Wed, 24 Jan 2024 12:26:43 GMT
GET /uploads/imgSrc-1705739708293.png status 304, 0.739 ms Wed, 24 Jan 2024 12:26:43 GMT
GET /uploads/imgSrc-1705694583217.png status 304, 0.348 ms Wed, 24 Jan 2024 12:26:43 GMT
GET /uploads/imgSrc-1705694990163.png status 304, 0.602 ms Wed, 24 Jan 2024 12:26:43 GMT
GET /uploads/imgSrc-1705738304794.png status 304, 0.468 ms Wed, 24 Jan 2024 12:26:43 GMT
GET /uploads/imgSrc-1705738719115.png status 304, 0.465 ms Wed, 24 Jan 2024 12:26:43 GMT
GET /uploads/imgSrc-1705739424887.png status 304, 1.082 ms Wed, 24 Jan 2024 12:26:43 GMT
GET /uploads/imgSrc-1705740585203.png status 304, 1.563 ms Wed, 24 Jan 2024 12:26:43 GMT
GET /uploads/imgSrc-1705741045532.png status 304, 1.163 ms Wed, 24 Jan 2024 12:26:43 GMT
GET /uploads/imgSrc-1705741449038.png status 304, 0.717 ms Wed, 24 Jan 2024 12:26:43 GMT
GET /uploads/imgSrc-1705741687310.png status 304, 0.869 ms Wed, 24 Jan 2024 12:26:43 GMT
GET /uploads/imgSrc-1705742321804.png status 304, 0.759 ms Wed, 24 Jan 2024 12:26:43 GMT
GET /uploads/imgSrc-1705743091750.png status 304, 0.787 ms Wed, 24 Jan 2024 12:26:43 GMT
GET /uploads/imgSrc-1705763958927.png status 304, 0.738 ms Wed, 24 Jan 2024 12:26:43 GMT
GET /uploads/imgSrc-1705744866970.png status 304, 0.406 ms Wed, 24 Jan 2024 12:26:43 GMT
GET /uploads/imgSrc-1705745055328.png status 304, 0.936 ms Wed, 24 Jan 2024 12:26:43 GMT
GET /uploads/imgSrc-1705745226745.png status 304, 1.435 ms Wed, 24 Jan 2024 12:26:43 GMT
GET /uploads/imgSrc-1705745955486.png status 304, 0.993 ms Wed, 24 Jan 2024 12:26:43 GMT
GET /uploads/imgSrc-1705752699754.png status 304, 0.330 ms Wed, 24 Jan 2024 12:26:43 GMT
GET /uploads/imgSrc-1705753097846.png status 304, 0.540 ms Wed, 24 Jan 2024 12:26:43 GMT
GET /uploads/imgSrc-1705753233355.png status 304, 0.636 ms Wed, 24 Jan 2024 12:26:43 GMT
GET /uploads/imgSrc-1705753483229.png status 304, 0.813 ms Wed, 24 Jan 2024 12:26:43 GMT
GET /uploads/imgSrc-1705754014549.png status 304, 0.817 ms Wed, 24 Jan 2024 12:26:43 GMT
GET /uploads/imgSrc-1705754166808.png status 304, 0.595 ms Wed, 24 Jan 2024 12:26:43 GMT
GET /uploads/imgSrc-1705754999214.png status 304, 0.783 ms Wed, 24 Jan 2024 12:26:43 GMT
GET /uploads/imgSrc-1705755449370.jpg status 304, 0.857 ms Wed, 24 Jan 2024 12:26:43 GMT
GET /uploads/imgSrc-1705755583685.png status 304, 1.453 ms Wed, 24 Jan 2024 12:26:43 GMT
GET /uploads/imgSrc-1705756656172.png status 304, 1.085 ms Wed, 24 Jan 2024 12:26:43 GMT
GET /uploads/imgSrc-1705757281335.png status 304, 2.187 ms Wed, 24 Jan 2024 12:26:43 GMT
GET /uploads/imgSrc-1705757582636.png status 304, 1.442 ms Wed, 24 Jan 2024 12:26:43 GMT
GET /uploads/imgSrc-1705758092728.png status 304, 0.669 ms Wed, 24 Jan 2024 12:26:43 GMT
GET /uploads/imgSrc-1705758289528.png status 304, 0.977 ms Wed, 24 Jan 2024 12:26:43 GMT
GET /uploads/imgSrc-1705758577392.png status 304, 1.490 ms Wed, 24 Jan 2024 12:26:43 GMT
GET /uploads/imgSrc-1705758772552.png status 304, 1.521 ms Wed, 24 Jan 2024 12:26:43 GMT
GET /uploads/imgSrc-1705758999043.png status 304, 0.548 ms Wed, 24 Jan 2024 12:26:43 GMT
GET /uploads/imgSrc-1705759726434.png status 304, 0.622 ms Wed, 24 Jan 2024 12:26:43 GMT
GET /uploads/imgSrc-1705760288571.png status 304, 0.591 ms Wed, 24 Jan 2024 12:26:43 GMT
GET /uploads/imgSrc-1705760537963.png status 304, 1.521 ms Wed, 24 Jan 2024 12:26:43 GMT
GET /uploads/imgSrc-1705760734876.png status 304, 1.315 ms Wed, 24 Jan 2024 12:26:43 GMT
GET /uploads/imgSrc-1705760845460.png status 304, 0.922 ms Wed, 24 Jan 2024 12:26:43 GMT
GET /uploads/imgSrc-1705761066347.png status 304, 0.873 ms Wed, 24 Jan 2024 12:26:43 GMT
GET /uploads/imgSrc-1705761366582.png status 304, 0.821 ms Wed, 24 Jan 2024 12:26:43 GMT
GET /uploads/imgSrc-1705761532927.png status 304, 1.062 ms Wed, 24 Jan 2024 12:26:43 GMT
GET /uploads/imgSrc-1705761766920.png status 304, 1.363 ms Wed, 24 Jan 2024 12:26:43 GMT
GET /uploads/imgSrc-1705762240748.png status 304, 0.583 ms Wed, 24 Jan 2024 12:26:43 GMT
GET /uploads/imgSrc-1705762508308.png status 304, 0.450 ms Wed, 24 Jan 2024 12:26:43 GMT
GET /uploads/imgSrc-1705762808853.png status 304, 0.399 ms Wed, 24 Jan 2024 12:26:43 GMT
GET /projects status 304, 350.877 ms Wed, 24 Jan 2024 12:26:44 GMT
GET /projects status 304, 353.236 ms Wed, 24 Jan 2024 12:26:45 GMT
OPTIONS /auth/login status 204, 0.120 ms Wed, 24 Jan 2024 12:26:48 GMT
GET /auth/login status 200, 121.297 ms Wed, 24 Jan 2024 12:26:48 GMT
GET /projects status 304, 353.872 ms Wed, 24 Jan 2024 12:26:49 GMT
GET /projects status 304, 242.090 ms Wed, 24 Jan 2024 12:26:49 GMT
GET /uploads/imgSrc-1702560787664.png status 304, 1.457 ms Wed, 24 Jan 2024 12:26:49 GMT
GET /uploads/imgSrc-1704286623751.png status 304, 1.448 ms Wed, 24 Jan 2024 12:26:49 GMT
GET /uploads/imgSrc-1702562866026.png status 304, 1.142 ms Wed, 24 Jan 2024 12:26:49 GMT
GET /uploads/imgSrc-1702476268513.png status 304, 2.220 ms Wed, 24 Jan 2024 12:26:49 GMT
GET /uploads/imgSrc-1702545373852.png status 304, 1.708 ms Wed, 24 Jan 2024 12:26:49 GMT
GET /uploads/imgSrc-1702559809842.png status 304, 1.221 ms Wed, 24 Jan 2024 12:26:49 GMT
GET /uploads/imgSrc-1702562915309.png status 304, 1.208 ms Wed, 24 Jan 2024 12:26:49 GMT
GET /uploads/imgSrc-1702562941528.png status 304, 0.968 ms Wed, 24 Jan 2024 12:26:49 GMT
GET /uploads/imgSrc-1702545417127.png status 304, 1.711 ms Wed, 24 Jan 2024 12:26:49 GMT
GET /uploads/imgSrc-1702478567166.png status 304, 1.427 ms Wed, 24 Jan 2024 12:26:49 GMT
GET /uploads/imgSrc-1702479321507.png status 304, 1.623 ms Wed, 24 Jan 2024 12:26:49 GMT
GET /uploads/imgSrc-1702546723860.png status 304, 0.543 ms Wed, 24 Jan 2024 12:26:49 GMT
